<?xml version="1.0" encoding="UTF-8"?>
<!-- Generated by org.testng.reporters.JUnitXMLReporter -->
<testsuite ignored="0" hostname="DESKTOP-1N0VLJU" failures="0" tests="10" name="Default test" time="66.31" errors="0" timestamp="2024-11-24T19:56:43 EET">
  <testcase classname="MyTestCases" name="checkTheEinglishLanguageIsDefault" time="3.484"/>
  <testcase classname="MyTestCases" name="checkTheCurrencyIsSAR" time="3.335"/>
  <testcase classname="MyTestCases" name="checkTheCotactNumber" time="3.302"/>
  <testcase classname="MyTestCases" name="checkTheQitafLogoThereInTheFooter" time="3.333"/>
  <testcase classname="MyTestCases" name="checkHotelTabIsNotSelected" time="3.306"/>
  <testcase classname="MyTestCases" name="checkDepatureDate" time="3.291"/>
  <testcase classname="MyTestCases" name="checkReturnDate" time="3.262"/>
  <testcase classname="MyTestCases" name="randomlyChangeTheLanguage" time="14.396"/>
  <testcase classname="MyTestCases" name="checkThatThePageIsFullyLoaded" time="22.081"/>
  <testcase classname="MyTestCases" name="checkTheSortOption" time="2.736"/>
</testsuite> <!-- Default test -->
