<?xml version="1.0" encoding="UTF-8"?>
<!-- Generated by org.testng.reporters.JUnitXMLReporter -->
<testsuite ignored="0" hostname="DESKTOP-1N0VLJU" failures="0" tests="10" name="Default test" time="65.994" errors="0" timestamp="2024-11-22T13:33:49 EET">
  <testcase classname="MyTestCases" name="checkTheEinglishLanguageIsDefault" time="0.05"/>
  <testcase classname="MyTestCases" name="checkTheCurrencyIsSAR" time="0.042"/>
  <testcase classname="MyTestCases" name="checkTheCotactNumber" time="0.037"/>
  <testcase classname="MyTestCases" name="checkTheQitafLogoThereInTheFooter" time="0.04"/>
  <testcase classname="MyTestCases" name="checkHotelTabIsNotSelected" time="0.021"/>
  <testcase classname="MyTestCases" name="checkDepatureDate" time="0.018"/>
  <testcase classname="MyTestCases" name="checkReturnDate" time="0.017"/>
  <testcase classname="MyTestCases" name="randomlyChangeTheLanguage" time="5.59"/>
  <testcase classname="MyTestCases" name="checkThatThePageIsFullyLoaded" time="35.064"/>
  <testcase classname="MyTestCases" name="checkTheSortOption" time="22.657"/>
</testsuite> <!-- Default test -->
