<?xml version="1.0" encoding="UTF-8"?>
<testng-results ignored="0" total="10" passed="10" failed="0" skipped="0">
  <reporter-output>
  </reporter-output>
  <suite started-at="2024-11-22T13:32:43 EET" name="Default suite" finished-at="2024-11-22T13:33:49 EET" duration-ms="65994">
    <groups>
    </groups>
    <test started-at="2024-11-22T13:32:43 EET" name="Default test" finished-at="2024-11-22T13:33:49 EET" duration-ms="65994">
      <class name="MyTestCases">
        <test-method is-config="true" signature="setUp()[pri:0, instance:MyTestCases@39a8312f]" started-at="2024-11-22T13:32:43 EET" name="setUp" finished-at="2024-11-22T13:32:45 EET" duration-ms="2413" status="PASS">
          <reporter-output>
          </reporter-output>
        </test-method> <!-- setUp -->
        <test-method signature="checkTheEinglishLanguageIsDefault()[pri:1, instance:MyTestCases@39a8312f]" started-at="2024-11-22T13:32:45 EET" name="checkTheEinglishLanguageIsDefault" finished-at="2024-11-22T13:32:45 EET" duration-ms="50" status="PASS">
          <reporter-output>
          </reporter-output>
        </test-method> <!-- checkTheEinglishLanguageIsDefault -->
        <test-method signature="checkTheCurrencyIsSAR()[pri:2, instance:MyTestCases@39a8312f]" started-at="2024-11-22T13:32:45 EET" name="checkTheCurrencyIsSAR" finished-at="2024-11-22T13:32:45 EET" duration-ms="42" status="PASS">
          <reporter-output>
          </reporter-output>
        </test-method> <!-- checkTheCurrencyIsSAR -->
        <test-method signature="checkTheCotactNumber()[pri:3, instance:MyTestCases@39a8312f]" started-at="2024-11-22T13:32:45 EET" name="checkTheCotactNumber" finished-at="2024-11-22T13:32:45 EET" duration-ms="37" status="PASS">
          <reporter-output>
          </reporter-output>
        </test-method> <!-- checkTheCotactNumber -->
        <test-method signature="checkTheQitafLogoThereInTheFooter()[pri:4, instance:MyTestCases@39a8312f]" started-at="2024-11-22T13:32:45 EET" name="checkTheQitafLogoThereInTheFooter" finished-at="2024-11-22T13:32:45 EET" duration-ms="40" status="PASS">
          <reporter-output>
          </reporter-output>
        </test-method> <!-- checkTheQitafLogoThereInTheFooter -->
        <test-method signature="checkHotelTabIsNotSelected()[pri:5, instance:MyTestCases@39a8312f]" started-at="2024-11-22T13:32:45 EET" name="checkHotelTabIsNotSelected" finished-at="2024-11-22T13:32:45 EET" duration-ms="21" status="PASS">
          <reporter-output>
          </reporter-output>
        </test-method> <!-- checkHotelTabIsNotSelected -->
        <test-method signature="checkDepatureDate()[pri:6, instance:MyTestCases@39a8312f]" started-at="2024-11-22T13:32:45 EET" name="checkDepatureDate" finished-at="2024-11-22T13:32:45 EET" duration-ms="18" status="PASS">
          <reporter-output>
          </reporter-output>
        </test-method> <!-- checkDepatureDate -->
        <test-method signature="checkReturnDate()[pri:7, instance:MyTestCases@39a8312f]" started-at="2024-11-22T13:32:45 EET" name="checkReturnDate" finished-at="2024-11-22T13:32:45 EET" duration-ms="17" status="PASS">
          <reporter-output>
          </reporter-output>
        </test-method> <!-- checkReturnDate -->
        <test-method signature="randomlyChangeTheLanguage()[pri:8, instance:MyTestCases@39a8312f]" started-at="2024-11-22T13:32:45 EET" name="randomlyChangeTheLanguage" finished-at="2024-11-22T13:32:51 EET" duration-ms="5590" status="PASS">
          <reporter-output>
          </reporter-output>
        </test-method> <!-- randomlyChangeTheLanguage -->
        <test-method signature="checkThatThePageIsFullyLoaded()[pri:9, instance:MyTestCases@39a8312f]" started-at="2024-11-22T13:32:51 EET" name="checkThatThePageIsFullyLoaded" finished-at="2024-11-22T13:33:26 EET" duration-ms="35064" status="PASS">
          <reporter-output>
          </reporter-output>
        </test-method> <!-- checkThatThePageIsFullyLoaded -->
        <test-method signature="checkTheSortOption()[pri:10, instance:MyTestCases@39a8312f]" started-at="2024-11-22T13:33:26 EET" name="checkTheSortOption" finished-at="2024-11-22T13:33:49 EET" duration-ms="22657" status="PASS">
          <reporter-output>
          </reporter-output>
        </test-method> <!-- checkTheSortOption -->
      </class> <!-- MyTestCases -->
    </test> <!-- Default test -->
  </suite> <!-- Default suite -->
</testng-results>
