<?xml version="1.0" encoding="UTF-8"?>
<testng-results ignored="0" total="7" passed="6" failed="1" skipped="0">
  <reporter-output>
  </reporter-output>
  <suite started-at="2024-10-30T05:33:30 EET" name="Default suite" finished-at="2024-10-30T05:33:33 EET" duration-ms="3905">
    <groups>
    </groups>
    <test started-at="2024-10-30T05:33:30 EET" name="Default test" finished-at="2024-10-30T05:33:33 EET" duration-ms="3905">
      <class name="TestCase">
        <test-method is-config="true" signature="setUp()[pri:0, instance:TestCase@72c28d64]" started-at="2024-10-30T05:33:30 EET" name="setUp" finished-at="2024-10-30T05:33:33 EET" duration-ms="3577" status="PASS">
          <reporter-output>
          </reporter-output>
        </test-method> <!-- setUp -->
        <test-method signature="checkTheEinglishLanguageIsDefault()[pri:1, instance:TestCase@72c28d64]" started-at="2024-10-30T05:33:33 EET" name="checkTheEinglishLanguageIsDefault" finished-at="2024-10-30T05:33:33 EET" duration-ms="75" status="PASS">
          <reporter-output>
          </reporter-output>
        </test-method> <!-- checkTheEinglishLanguageIsDefault -->
        <test-method signature="checkTheCurrencyIsSAR()[pri:2, instance:TestCase@72c28d64]" started-at="2024-10-30T05:33:33 EET" name="checkTheCurrencyIsSAR" finished-at="2024-10-30T05:33:33 EET" duration-ms="33" status="PASS">
          <reporter-output>
          </reporter-output>
        </test-method> <!-- checkTheCurrencyIsSAR -->
        <test-method signature="checkTheCotactNumber()[pri:3, instance:TestCase@72c28d64]" started-at="2024-10-30T05:33:33 EET" name="checkTheCotactNumber" finished-at="2024-10-30T05:33:33 EET" duration-ms="22" status="PASS">
          <reporter-output>
          </reporter-output>
        </test-method> <!-- checkTheCotactNumber -->
        <test-method signature="checkTheQitafLogoThereInTheFooter()[pri:4, instance:TestCase@72c28d64]" started-at="2024-10-30T05:33:33 EET" name="checkTheQitafLogoThereInTheFooter" finished-at="2024-10-30T05:33:33 EET" duration-ms="53" status="PASS">
          <reporter-output>
          </reporter-output>
        </test-method> <!-- checkTheQitafLogoThereInTheFooter -->
        <test-method signature="checkHotelTabIsNotSelected()[pri:5, instance:TestCase@72c28d64]" started-at="2024-10-30T05:33:33 EET" name="checkHotelTabIsNotSelected" finished-at="2024-10-30T05:33:33 EET" duration-ms="31" status="PASS">
          <reporter-output>
          </reporter-output>
        </test-method> <!-- checkHotelTabIsNotSelected -->
        <test-method signature="checkDepatureDate()[pri:6, instance:TestCase@72c28d64]" started-at="2024-10-30T05:33:33 EET" name="checkDepatureDate" finished-at="2024-10-30T05:33:33 EET" duration-ms="35" status="PASS">
          <reporter-output>
          </reporter-output>
        </test-method> <!-- checkDepatureDate -->
        <test-method signature="checkReturnDate()[pri:7, instance:TestCase@72c28d64]" started-at="2024-10-30T05:33:33 EET" name="checkReturnDate" finished-at="2024-10-30T05:33:33 EET" duration-ms="24" status="FAIL">
          <exception class="java.lang.AssertionError">
            <message>
              <![CDATA[expected [1] but found [01]]]>
            </message>
            <full-stacktrace>
              <![CDATA[java.lang.AssertionError: expected [1] but found [01]
at org.testng.Assert.fail(Assert.java:99)
at org.testng.Assert.failNotEquals(Assert.java:1037)
at org.testng.Assert.assertEqualsImpl(Assert.java:140)
at org.testng.Assert.assertEquals(Assert.java:122)
at org.testng.Assert.assertEquals(Assert.java:629)
at org.testng.Assert.assertEquals(Assert.java:639)
at TestCase.checkReturnDate(TestCase.java:75)
at java.base/jdk.internal.reflect.DirectMethodHandleAccessor.invoke(DirectMethodHandleAccessor.java:103)
at java.base/java.lang.reflect.Method.invoke(Method.java:580)
at org.testng.internal.MethodInvocationHelper.invokeMethod(MethodInvocationHelper.java:133)
at org.testng.internal.TestInvoker.invokeMethod(TestInvoker.java:598)
at org.testng.internal.TestInvoker.invokeTestMethod(TestInvoker.java:173)
at org.testng.internal.MethodRunner.runInSequence(MethodRunner.java:46)
at org.testng.internal.TestInvoker$MethodInvocationAgent.invoke(TestInvoker.java:824)
at org.testng.internal.TestInvoker.invokeTestMethods(TestInvoker.java:146)
at org.testng.internal.TestMethodWorker.invokeTestMethods(TestMethodWorker.java:146)
at org.testng.internal.TestMethodWorker.run(TestMethodWorker.java:128)
at java.base/java.util.ArrayList.forEach(ArrayList.java:1596)
at org.testng.TestRunner.privateRun(TestRunner.java:794)
at org.testng.TestRunner.run(TestRunner.java:596)
at org.testng.SuiteRunner.runTest(SuiteRunner.java:377)
at org.testng.SuiteRunner.runSequentially(SuiteRunner.java:371)
at org.testng.SuiteRunner.privateRun(SuiteRunner.java:332)
at org.testng.SuiteRunner.run(SuiteRunner.java:276)
at org.testng.SuiteRunnerWorker.runSuite(SuiteRunnerWorker.java:53)
at org.testng.SuiteRunnerWorker.run(SuiteRunnerWorker.java:96)
at org.testng.TestNG.runSuitesSequentially(TestNG.java:1212)
at org.testng.TestNG.runSuitesLocally(TestNG.java:1134)
at org.testng.TestNG.runSuites(TestNG.java:1063)
at org.testng.TestNG.run(TestNG.java:1031)
at org.testng.remote.AbstractRemoteTestNG.run(AbstractRemoteTestNG.java:115)
at org.testng.remote.RemoteTestNG.initAndRun(RemoteTestNG.java:293)
at org.testng.remote.RemoteTestNG.main(RemoteTestNG.java:91)
]]>
            </full-stacktrace>
          </exception> <!-- java.lang.AssertionError -->
          <reporter-output>
          </reporter-output>
        </test-method> <!-- checkReturnDate -->
      </class> <!-- TestCase -->
    </test> <!-- Default test -->
  </suite> <!-- Default suite -->
</testng-results>
