<?xml version="1.0" encoding="UTF-8"?>
<!-- Generated by org.testng.reporters.JUnitReportReporter -->
<testsuite hostname="DESKTOP-1N0VLJU" failures="0" tests="8" name="TestCase" time="0.678" errors="0" timestamp="2024-10-30T17:00:20 EET" skipped="7">
  <testcase classname="TestCase" name="randomlyChangeTheLanguage" time="0.678"/>
  <system-out/>
  <testcase classname="TestCase" name="checkTheEinglishLanguageIsDefault">
    <skipped/>
  </testcase> <!-- checkTheEinglishLanguageIsDefault -->
  <system-out/>
  <testcase classname="TestCase" name="checkTheQitafLogoThereInTheFooter">
    <skipped/>
  </testcase> <!-- checkTheQitafLogoThereInTheFooter -->
  <system-out/>
  <testcase classname="TestCase" name="checkReturnDate">
    <skipped/>
  </testcase> <!-- checkReturnDate -->
  <system-out/>
  <testcase classname="TestCase" name="checkTheCurrencyIsSAR">
    <skipped/>
  </testcase> <!-- checkTheCurrencyIsSAR -->
  <system-out/>
  <testcase classname="TestCase" name="checkDepatureDate">
    <skipped/>
  </testcase> <!-- checkDepatureDate -->
  <system-out/>
  <testcase classname="TestCase" name="checkTheCotactNumber">
    <skipped/>
  </testcase> <!-- checkTheCotactNumber -->
  <system-out/>
  <testcase classname="TestCase" name="checkHotelTabIsNotSelected">
    <skipped/>
  </testcase> <!-- checkHotelTabIsNotSelected -->
  <system-out/>
</testsuite> <!-- TestCase -->
