<?xml version="1.0" encoding="UTF-8"?>
<!-- Generated by org.testng.reporters.JUnitReportReporter -->
<testsuite hostname="DESKTOP-1N0VLJU" failures="0" tests="4" name="TestCase" time="0.131" errors="0" timestamp="2024-10-29T18:53:28 EET" skipped="0">
  <testcase classname="TestCase" name="checkTheEinglishLanguageIsDefault" time="0.046"/>
  <system-out/>
  <testcase classname="TestCase" name="checkTheCurrencyIsSAR" time="0.044"/>
  <system-out/>
  <testcase classname="TestCase" name="checkTheCotactNumber" time="0.019"/>
  <system-out/>
  <testcase classname="TestCase" name="checkTheQitafLogoThereInTheFooter" time="0.022"/>
  <system-out/>
</testsuite> <!-- TestCase -->
